{"level":"error","message":"{ method: 'save(obj)', 'ValidationError: img: Path `img` is required.' }"}
{"level":"error","message":"{ method: 'save(obj)', 'ValidationError: img: Path `img` is required.' }"}
{"level":"error","message":"{ method: 'save(obj)', 'ValidationError: img: Path `img` is required.' }"}
{"level":"error","message":"{ method: 'save(obj)', 'ValidationError: userImg: Path `userImg` is required.' }"}
{"level":"error","message":"{ method: 'save(obj)', 'ValidationError: userImg: Path `userImg` is required.' }"}
{"level":"error","message":"{ method: 'save(obj)', 'ValidationError: userImg: Path `userImg` is required.' }"}
{"level":"warn","message":"{ url: '/images/', method: 'GET' }"}
{"level":"warn","message":"{ url: '/logout', method: 'GET' }"}
{"level":"error","message":"{ method: 'transporter.sendMail(message)', error: 'Can't send mail - all recipients were rejected: 553 5.7.1 <no-reply@site.com>: Sender address rejected: not owned by user mailsenderdev@soymss.com' }"}
{"level":"error","message":"{ method: 'transporter.sendMail(message)', error: 'Cannot read properties of undefined (reading 'to')' }"}
{"level":"error","message":"{ method: 'unlink()','Error: ENOENT: no such file or directory, unlink 'undefined'' }"}
{"level":"warn","message":"{ url: '/cart', method: 'GET' }"}
{"level":"warn","message":"{ url: '/cart', method: 'GET' }"}
{"level":"warn","message":"{ url: '/cart', method: 'GET' }"}
{"level":"warn","message":"{ url: '/products', method: 'GET' }"}
{"level":"warn","message":"{ url: '/products', method: 'GET' }"}
{"level":"warn","message":"{ url: '/...', method: 'GET' }"}
{"level":"warn","message":"{ url: '/...', method: 'GET' }"}
{"level":"warn","message":"{ url: '/...', method: 'GET' }"}
{"level":"warn","message":"{ url: '/...', method: 'GET' }"}
{"level":"warn","message":"{ url: '/...', method: 'GET' }"}
{"level":"warn","message":"{ url: '/...', method: 'GET' }"}
{"level":"warn","message":"{ url: '/...', method: 'GET' }"}
{"level":"error","message":"{ method: 'save(obj)', 'ValidationError: id: Path `id` is required.' }"}
{"level":"error","message":"{ method: '/cart', function: 'sendMail(undefined)', error: 'No recipients defined' }"}
{"level":"error","message":"{ method: '/cart', function: 'sendMail(marcossolis49@gmail.com)', error: 'No recipients defined' }"}
{"level":"error","message":"{ method: '/cart', function: 'sendMail(undefined)', error: 'No recipients defined' }"}
{"level":"error","message":"{ method: '/cart', function: 'sendMail(\"Dear undefined!!\" undefined)', error: 'No recipients defined' }"}
{"level":"warn","message":"{ url: '/favicon.ico', method: 'GET' }"}
{"level":"warn","message":"{ url: '/favicon.ico', method: 'GET' }"}
{"level":"warn","message":"{ url: '/favicon.ico', method: 'GET' }"}
{"level":"warn","message":"{ url: '/favicon.ico', method: 'GET' }"}
{"level":"warn","message":"{ url: '/favicon.ico', method: 'GET' }"}
{"level":"warn","message":"{ url: '/favicon.ico', method: 'GET' }"}
{"level":"warn","message":"{ url: '/favicon.ico', method: 'GET' }"}
{"level":"warn","message":"{ url: '/favicon.ico', method: 'GET' }"}
{"level":"warn","message":"{ url: '/favicon.ico', method: 'GET' }"}
{"level":"warn","message":"{ url: '/favicon.ico', method: 'GET' }"}
{"level":"warn","message":"{ url: '/favicon.ico', method: 'GET' }"}
{"level":"warn","message":"{ url: '/favicon.ico', method: 'GET' }"}
{"level":"warn","message":"{ url: '/favicon.ico', method: 'GET' }"}
{"level":"warn","message":"{ url: '/favicon.ico', method: 'GET' }"}
{"level":"warn","message":"{ url: '/favicon.ico', method: 'GET' }"}
{"level":"warn","message":"{ url: '/favicon.ico', method: 'GET' }"}
{"level":"warn","message":"{ url: '/favicon.ico', method: 'GET' }"}
{"level":"warn","message":"{ url: '/cart', method: 'GET' }"}
{"level":"warn","message":"{ url: '/favicon.ico', method: 'GET' }"}
{"level":"warn","message":"{ url: '/favicon.ico', method: 'GET' }"}
{"level":"warn","message":"{ url: '/favicon.ico', method: 'GET' }"}
{"level":"warn","message":"{ url: '/favicon.ico', method: 'GET' }"}
